<?xml version="1.0" encoding="UTF-8"?>
<testsuite name="helloWorldExercise1.TestHelloWorldExercise1" tests="1" skipped="0" failures="0" errors="0" timestamp="2024-09-18T09:01:44" hostname="DESKTOP-GOJ9OT4" time="0.055">
  <properties/>
  <testcase name="test" classname="helloWorldExercise1.TestHelloWorldExercise1" time="0.055"/>
  <system-out><![CDATA[]]></system-out>
  <system-err><![CDATA[]]></system-err>
</testsuite>
