<?xml version="1.0" encoding="UTF-8"?>
<testsuite name="loopingAndRangesExercise4.TestLoopingAndRangesExercise4" tests="5" skipped="0" failures="0" errors="0" timestamp="2024-09-23T13:54:52" hostname="DESKTOP-GOJ9OT4" time="0.056">
  <properties/>
  <testcase name="testPyramid1" classname="loopingAndRangesExercise4.TestLoopingAndRangesExercise4" time="0.038"/>
  <testcase name="testPyramid2" classname="loopingAndRangesExercise4.TestLoopingAndRangesExercise4" time="0.001"/>
  <testcase name="testPyramid3" classname="loopingAndRangesExercise4.TestLoopingAndRangesExercise4" time="0.002"/>
  <testcase name="testPyramid4" classname="loopingAndRangesExercise4.TestLoopingAndRangesExercise4" time="0.008"/>
  <testcase name="testPyramid6" classname="loopingAndRangesExercise4.TestLoopingAndRangesExercise4" time="0.004"/>
  <system-out><![CDATA[]]></system-out>
  <system-err><![CDATA[]]></system-err>
</testsuite>
